<?xml version="1.0" encoding="UTF-8"?>
<!-- Generated by org.testng.reporters.JUnitReportReporter -->
<testsuite hostname="QA-NJANAWADE" failures="0" tests="1" name="org.Testing_CRM.AddCandidatePage" time="5.445" errors="0" timestamp="2022-05-01T21:23:52 GMT+05:30" skipped="0">
  <testcase classname="org.Testing_CRM.AddCandidatePage" name="addCandidate" time="5.445"/>
  <system-out/>
</testsuite> <!-- org.Testing_CRM.AddCandidatePage -->
